Сборка начата 19.06.2017 3:51:37.
     1>Проект "C:\Users\Windows 8.1\Desktop\klass String\klass String\klass String.vcxproj" в узле 2 (целевые объекты Build).
     1>ClCompile:
         D:\Visual Studio 2013\VC\bin\CL.exe /c /ZI /nologo /W3 /WX- /sdl /Od /Oy- /D WIN32 /D _DEBUG /D _CONSOLE /D _LIB /D _UNICODE /D UNICODE /Gm /EHsc /RTC1 /MDd /GS /fp:precise /Zc:wchar_t /Zc:forScope /Yu"stdafx.h" /Fp"Debug\klass String.pch" /Fo"Debug\\" /Fd"Debug\vc120.pdb" /Gd /TP /analyze- /errorReport:prompt String.cpp
         String.cpp
     1>c:\users\windows 8.1\desktop\klass string\klass string\string.cpp(55): warning C4172: возвращение адреса локальной или временной переменной
     1>c:\users\windows 8.1\desktop\klass string\klass string\string.cpp(86): warning C4172: возвращение адреса локальной или временной переменной
     1>c:\users\windows 8.1\desktop\klass string\klass string\string.cpp(88): warning C4172: возвращение адреса локальной или временной переменной
     1>c:\users\windows 8.1\desktop\klass string\klass string\string.cpp(93): warning C4172: возвращение адреса локальной или временной переменной
     1>c:\users\windows 8.1\desktop\klass string\klass string\string.cpp(95): warning C4172: возвращение адреса локальной или временной переменной
     1>c:\users\windows 8.1\desktop\klass string\klass string\string.cpp(124): warning C4172: возвращение адреса локальной или временной переменной
     1>c:\users\windows 8.1\desktop\klass string\klass string\string.cpp(133): warning C4172: возвращение адреса локальной или временной переменной
     1>c:\users\windows 8.1\desktop\klass string\klass string\string.cpp(140): warning C4172: возвращение адреса локальной или временной переменной
     1>c:\users\windows 8.1\desktop\klass string\klass string\string.cpp(142): warning C4172: возвращение адреса локальной или временной переменной
     1>c:\users\windows 8.1\desktop\klass string\klass string\string.cpp(147): warning C4172: возвращение адреса локальной или временной переменной
     1>c:\users\windows 8.1\desktop\klass string\klass string\string.cpp(149): warning C4172: возвращение адреса локальной или временной переменной
     1>c:\users\windows 8.1\desktop\klass string\klass string\string.cpp(279): warning C4554: &: проверьте порядок применения операторов на наличие ошибки; для четкого задания порядка используйте скобки
     1>c:\users\windows 8.1\desktop\klass string\klass string\string.cpp(301): warning C4258: i: определение из цикла for игнорируется; используется определение из внешней области видимости
                 c:\users\windows 8.1\desktop\klass string\klass string\string.cpp(294): пропуск определения "i"
                 c:\users\windows 8.1\desktop\klass string\klass string\string.cpp(288): используется определение "i"
     1>c:\users\windows 8.1\desktop\klass string\klass string\string.cpp(304): warning C4258: i: определение из цикла for игнорируется; используется определение из внешней области видимости
                 c:\users\windows 8.1\desktop\klass string\klass string\string.cpp(294): пропуск определения "i"
                 c:\users\windows 8.1\desktop\klass string\klass string\string.cpp(288): используется определение "i"
     1>c:\users\windows 8.1\desktop\klass string\klass string\string.cpp(305): warning C4258: i: определение из цикла for игнорируется; используется определение из внешней области видимости
                 c:\users\windows 8.1\desktop\klass string\klass string\string.cpp(294): пропуск определения "i"
                 c:\users\windows 8.1\desktop\klass string\klass string\string.cpp(288): используется определение "i"
     1>c:\users\windows 8.1\desktop\klass string\klass string\string.cpp(306): warning C4258: i: определение из цикла for игнорируется; используется определение из внешней области видимости
                 c:\users\windows 8.1\desktop\klass string\klass string\string.cpp(294): пропуск определения "i"
                 c:\users\windows 8.1\desktop\klass string\klass string\string.cpp(288): используется определение "i"
     1>c:\users\windows 8.1\desktop\klass string\klass string\string.cpp(348): warning C4018: <: несоответствие типов со знаком и без знака
     1>c:\users\windows 8.1\desktop\klass string\klass string\string.cpp(382): warning C4018: <: несоответствие типов со знаком и без знака
     1>c:\users\windows 8.1\desktop\klass string\klass string\string.cpp(337): warning C4715: String::Find: значение возвращается не при всех путях выполнения
       Link:
         D:\Visual Studio 2013\VC\bin\link.exe /ERRORREPORT:PROMPT /OUT:"C:\Users\Windows 8.1\Desktop\klass String\Debug\klass String.exe" /INCREMENTAL /NOLOGO kernel32.lib user32.lib gdi32.lib winspool.lib comdlg32.lib advapi32.lib shell32.lib ole32.lib oleaut32.lib uuid.lib odbc32.lib odbccp32.lib /MANIFEST /MANIFESTUAC:"level='asInvoker' uiAccess='false'" /manifest:embed /DEBUG /PDB:"C:\Users\Windows 8.1\Desktop\klass String\Debug\klass String.pdb" /SUBSYSTEM:CONSOLE /TLBID:1 /DYNAMICBASE /NXCOMPAT /IMPLIB:"C:\Users\Windows 8.1\Desktop\klass String\Debug\klass String.lib" /MACHINE:X86 "Debug\klass String.obj"
         Debug\stdafx.obj
         Debug\String.obj
         klass String.vcxproj -> C:\Users\Windows 8.1\Desktop\klass String\Debug\klass String.exe
     1>Сборка проекта "C:\Users\Windows 8.1\Desktop\klass String\klass String\klass String.vcxproj" завершена (целевые объекты Build).

Сборка успешно завершена.

Затраченное время: 00:00:00.86
